<?xml version="1.0" encoding="UTF-8"?>
<coverage generated="1692816649087" clover="3.2.0">
  <project timestamp="1692816649088" name="All files">
    <metrics statements="27" coveredstatements="18" conditionals="6" coveredconditionals="4" methods="12" coveredmethods="7" elements="45" coveredelements="29" complexity="0" loc="27" ncloc="27" packages="2" files="2" classes="2"/>
    <package name="redux.reducers">
      <metrics statements="8" coveredstatements="3" conditionals="0" coveredconditionals="0" methods="3" coveredmethods="1"/>
      <file name="accounts-reducer.ts" path="/home/arkanyan/Documents/GaliciaChallenge/GaliciaChallenge/src/redux/reducers/accounts-reducer.ts">
        <metrics statements="8" coveredstatements="3" conditionals="0" coveredconditionals="0" methods="3" coveredmethods="1"/>
        <line num="4" count="1" type="stmt"/>
        <line num="5" count="0" type="stmt"/>
        <line num="6" count="0" type="stmt"/>
        <line num="7" count="0" type="stmt"/>
        <line num="9" count="0" type="stmt"/>
        <line num="13" count="1" type="stmt"/>
        <line num="18" count="1" type="stmt"/>
        <line num="19" count="0" type="stmt"/>
      </file>
    </package>
    <package name="services">
      <metrics statements="19" coveredstatements="15" conditionals="6" coveredconditionals="4" methods="9" coveredmethods="6"/>
      <file name="api-service.ts" path="/home/arkanyan/Documents/GaliciaChallenge/GaliciaChallenge/src/services/api-service.ts">
        <metrics statements="19" coveredstatements="15" conditionals="6" coveredconditionals="4" methods="9" coveredmethods="6"/>
        <line num="24" count="3" type="stmt"/>
        <line num="26" count="13" type="stmt"/>
        <line num="28" count="13" type="stmt"/>
        <line num="30" count="13" type="stmt"/>
        <line num="31" count="9" type="stmt"/>
        <line num="32" count="9" type="stmt"/>
        <line num="35" count="13" type="stmt"/>
        <line num="36" count="7" type="stmt"/>
        <line num="37" count="7" type="stmt"/>
        <line num="39" count="13" type="stmt"/>
        <line num="51" count="1" type="stmt"/>
        <line num="53" count="1" type="stmt"/>
        <line num="55" count="2" type="stmt"/>
        <line num="61" count="2" type="stmt"/>
        <line num="64" count="1" type="stmt"/>
        <line num="68" count="0" type="cond" truecount="0" falsecount="2"/>
        <line num="69" count="0" type="stmt"/>
        <line num="74" count="0" type="stmt"/>
        <line num="76" count="0" type="stmt"/>
      </file>
    </package>
  </project>
</coverage>
