{"/home/arkanyan/Documents/GaliciaChallenge/GaliciaChallenge/src/redux/reducers/accounts-reducer.ts": {"path":"/home/arkanyan/Documents/GaliciaChallenge/GaliciaChallenge/src/redux/reducers/accounts-reducer.ts","statementMap":{"0":{"start":{"line":4,"column":27},"end":{"line":11,"column":2}},"1":{"start":{"line":5,"column":2},"end":{"line":10,"column":3}},"2":{"start":{"line":6,"column":16},"end":{"line":6,"column":37}},"3":{"start":{"line":7,"column":4},"end":{"line":7,"column":15}},"4":{"start":{"line":9,"column":4},"end":{"line":9,"column":23}},"5":{"start":{"line":13,"column":24},"end":{"line":22,"column":2}},"6":{"start":{"line":18,"column":4},"end":{"line":20,"column":7}},"7":{"start":{"line":19,"column":6},"end":{"line":19,"column":28}}},"fnMap":{"0":{"name":"(anonymous_0)","decl":{"start":{"line":4,"column":60},"end":{"line":4,"column":61}},"loc":{"start":{"line":4,"column":72},"end":{"line":11,"column":1}},"line":4},"1":{"name":"(anonymous_1)","decl":{"start":{"line":17,"column":2},"end":{"line":17,"column":3}},"loc":{"start":{"line":17,"column":25},"end":{"line":21,"column":3}},"line":17},"2":{"name":"(anonymous_2)","decl":{"start":{"line":18,"column":43},"end":{"line":18,"column":44}},"loc":{"start":{"line":18,"column":62},"end":{"line":20,"column":5}},"line":18}},"branchMap":{},"s":{"0":1,"1":0,"2":0,"3":0,"4":0,"5":1,"6":1,"7":0},"f":{"0":0,"1":1,"2":0},"b":{},"_coverageSchema":"1a1c01bbd47fc00a2c39e90264f33305004495a9","hash":"8ba5678857c1781617c9ab8dd185675999364cd7"}
,"/home/arkanyan/Documents/GaliciaChallenge/GaliciaChallenge/src/services/api-service.ts": {"path":"/home/arkanyan/Documents/GaliciaChallenge/GaliciaChallenge/src/services/api-service.ts","statementMap":{"0":{"start":{"line":24,"column":2},"end":{"line":45,"column":5}},"1":{"start":{"line":26,"column":39},"end":{"line":26,"column":60}},"2":{"start":{"line":28,"column":42},"end":{"line":28,"column":63}},"3":{"start":{"line":30,"column":24},"end":{"line":33,"column":5}},"4":{"start":{"line":31,"column":20},"end":{"line":31,"column":35}},"5":{"start":{"line":32,"column":6},"end":{"line":32,"column":32}},"6":{"start":{"line":35,"column":25},"end":{"line":38,"column":5}},"7":{"start":{"line":36,"column":20},"end":{"line":36,"column":40}},"8":{"start":{"line":37,"column":6},"end":{"line":37,"column":33}},"9":{"start":{"line":39,"column":4},"end":{"line":44,"column":6}},"10":{"start":{"line":51,"column":27},"end":{"line":51,"column":51}},"11":{"start":{"line":53,"column":29},"end":{"line":63,"column":3}},"12":{"start":{"line":55,"column":41},"end":{"line":60,"column":7}},"13":{"start":{"line":61,"column":6},"end":{"line":61,"column":31}},"14":{"start":{"line":64,"column":2},"end":{"line":64,"column":28}},"15":{"start":{"line":68,"column":22},"end":{"line":68,"column":59}},"16":{"start":{"line":69,"column":2},"end":{"line":76,"column":40}},"17":{"start":{"line":74,"column":6},"end":{"line":74,"column":46}},"18":{"start":{"line":76,"column":20},"end":{"line":76,"column":38}}},"fnMap":{"0":{"name":"accountsFilter","decl":{"start":{"line":21,"column":16},"end":{"line":21,"column":30}},"loc":{"start":{"line":23,"column":31},"end":{"line":46,"column":1}},"line":23},"1":{"name":"(anonymous_1)","decl":{"start":{"line":24,"column":25},"end":{"line":24,"column":26}},"loc":{"start":{"line":24,"column":60},"end":{"line":45,"column":3}},"line":24},"2":{"name":"(anonymous_2)","decl":{"start":{"line":30,"column":24},"end":{"line":30,"column":25}},"loc":{"start":{"line":30,"column":44},"end":{"line":33,"column":5}},"line":30},"3":{"name":"(anonymous_3)","decl":{"start":{"line":35,"column":25},"end":{"line":35,"column":26}},"loc":{"start":{"line":35,"column":46},"end":{"line":38,"column":5}},"line":35},"4":{"name":"accountsTranslator","decl":{"start":{"line":48,"column":16},"end":{"line":48,"column":34}},"loc":{"start":{"line":50,"column":18},"end":{"line":65,"column":1}},"line":50},"5":{"name":"(anonymous_5)","decl":{"start":{"line":54,"column":4},"end":{"line":54,"column":5}},"loc":{"start":{"line":54,"column":39},"end":{"line":62,"column":5}},"line":54},"6":{"name":"fetchAccounts","decl":{"start":{"line":67,"column":16},"end":{"line":67,"column":29}},"loc":{"start":{"line":67,"column":32},"end":{"line":77,"column":1}},"line":67},"7":{"name":"(anonymous_7)","decl":{"start":{"line":73,"column":10},"end":{"line":73,"column":11}},"loc":{"start":{"line":73,"column":24},"end":{"line":75,"column":5}},"line":73},"8":{"name":"(anonymous_8)","decl":{"start":{"line":76,"column":11},"end":{"line":76,"column":12}},"loc":{"start":{"line":76,"column":20},"end":{"line":76,"column":38}},"line":76}},"branchMap":{"0":{"loc":{"start":{"line":40,"column":6},"end":{"line":43,"column":33}},"type":"binary-expr","locations":[{"start":{"line":40,"column":6},"end":{"line":40,"column":39}},{"start":{"line":41,"column":6},"end":{"line":41,"column":47}},{"start":{"line":42,"column":6},"end":{"line":42,"column":28}},{"start":{"line":43,"column":6},"end":{"line":43,"column":33}}],"line":40},"1":{"loc":{"start":{"line":68,"column":22},"end":{"line":68,"column":59}},"type":"binary-expr","locations":[{"start":{"line":68,"column":22},"end":{"line":68,"column":53}},{"start":{"line":68,"column":57},"end":{"line":68,"column":59}}],"line":68}},"s":{"0":3,"1":13,"2":13,"3":13,"4":9,"5":9,"6":13,"7":7,"8":7,"9":13,"10":1,"11":1,"12":2,"13":2,"14":1,"15":0,"16":0,"17":0,"18":0},"f":{"0":3,"1":13,"2":9,"3":7,"4":1,"5":2,"6":0,"7":0,"8":0},"b":{"0":[13,11,9,7],"1":[0,0]},"_coverageSchema":"1a1c01bbd47fc00a2c39e90264f33305004495a9","hash":"4488f20f1611be9f76e212b37e0b4ec51f80511d"}
}
