TN:
SF:src/redux/reducers/accounts-reducer.ts
FN:4,(anonymous_0)
FN:17,(anonymous_1)
FN:18,(anonymous_2)
FNF:3
FNH:1
FNDA:0,(anonymous_0)
FNDA:1,(anonymous_1)
FNDA:0,(anonymous_2)
DA:4,1
DA:5,0
DA:6,0
DA:7,0
DA:9,0
DA:13,1
DA:18,1
DA:19,0
LF:8
LH:3
BRF:0
BRH:0
end_of_record
TN:
SF:src/services/api-service.ts
FN:21,accountsFilter
FN:24,(anonymous_1)
FN:30,(anonymous_2)
FN:35,(anonymous_3)
FN:48,accountsTranslator
FN:54,(anonymous_5)
FN:67,fetchAccounts
FN:73,(anonymous_7)
FN:76,(anonymous_8)
FNF:9
FNH:6
FNDA:3,accountsFilter
FNDA:13,(anonymous_1)
FNDA:9,(anonymous_2)
FNDA:7,(anonymous_3)
FNDA:1,accountsTranslator
FNDA:2,(anonymous_5)
FNDA:0,fetchAccounts
FNDA:0,(anonymous_7)
FNDA:0,(anonymous_8)
DA:24,3
DA:26,13
DA:28,13
DA:30,13
DA:31,9
DA:32,9
DA:35,13
DA:36,7
DA:37,7
DA:39,13
DA:51,1
DA:53,1
DA:55,2
DA:61,2
DA:64,1
DA:68,0
DA:69,0
DA:74,0
DA:76,0
LF:19
LH:15
BRDA:40,0,0,13
BRDA:40,0,1,11
BRDA:40,0,2,9
BRDA:40,0,3,7
BRDA:68,1,0,0
BRDA:68,1,1,0
BRF:6
BRH:4
end_of_record
